17092 preliminary windows found in contig KZ454966.
20887 preliminary windows found in contig KZ454964.
38692 preliminary windows found in contig KZ454960.
19623 preliminary windows found in contig KZ454968.
38020 preliminary windows found in contig KZ454959.
11278 preliminary windows found in contig KZ454967.
14441 preliminary windows found in contig KZ454965.
24989 preliminary windows found in contig KZ454961.
39723 preliminary windows found in contig KZ454958.
44083 preliminary windows found in contig KZ454956.
45821 preliminary windows found in contig KZ454954.
40834 preliminary windows found in contig KZ454955.
39782 preliminary windows found in contig KZ454957.
20500 preliminary windows found in contig KZ454969.
6966 preliminary windows found in contig KZ454963.
16439 preliminary windows found in contig KZ454972.
14029 preliminary windows found in contig KZ454971.
15551 preliminary windows found in contig KZ454973.
9670 preliminary windows found in contig KZ454974.
8303 preliminary windows found in contig KZ454976.
9641 preliminary windows found in contig KZ454978.
1986 preliminary windows found in contig KZ454979.
2974 preliminary windows found in contig KZ454975.
6000 preliminary windows found in contig KZ454970.
433 preliminary windows found in contig KZ454980.
1399 preliminary windows found in contig KZ454977.
11224 preliminary windows found in contig NC_001638.1.
3431 preliminary windows found in contig KZ454962.
190542 preliminary windows found in contig KZ454947.
74644 preliminary windows found in contig KZ454952.
37273 preliminary windows found in contig KZ454953.
99454 preliminary windows found in contig KZ454950.
155660 preliminary windows found in contig KZ454948.
127785 preliminary windows found in contig KZ454949.
128896 preliminary windows found in contig NC_005353.1.
36897 preliminary windows found in contig KZ454951.
79567 preliminary windows found in contig KZ454946.
184967 preliminary windows found in contig GU814015.1.
91365 preliminary windows found in contig KZ454945.
877669 preliminary windows found in contig 15.
1108413 preliminary windows found in contig 5.
1088200 preliminary windows found in contig 11.
1234556 preliminary windows found in contig 4.
1051587 preliminary windows found in contig 14.
1680900 preliminary windows found in contig 8.
1092528 preliminary windows found in contig 13.
1443752 preliminary windows found in contig 7.
1256301 preliminary windows found in contig 10.
1758123 preliminary windows found in contig 17.
1719197 preliminary windows found in contig 16.
2016177 preliminary windows found in contig 9.
1892229 preliminary windows found in contig 1.
2417778 preliminary windows found in contig 6.
2413210 preliminary windows found in contig 2.
1980847 preliminary windows found in contig 3.
2221294 preliminary windows found in contig 12.
0 good coverage windows found in contig KZ454962.
0 good coverage windows found in contig KZ454963.
0 good coverage windows found in contig KZ454961.
0 good coverage windows found in contig KZ454958.
0 good coverage windows found in contig KZ454964.
0 good coverage windows found in contig KZ454965.
0 good coverage windows found in contig KZ454966.
386 good coverage windows found in contig KZ454967.
0 good coverage windows found in contig KZ454951.
0 good coverage windows found in contig KZ454955.
0 good coverage windows found in contig KZ454970.
0 good coverage windows found in contig KZ454968.
0 good coverage windows found in contig KZ454959.
0 good coverage windows found in contig KZ454956.
0 good coverage windows found in contig KZ454957.
0 good coverage windows found in contig KZ454960.
9630 good coverage windows found in contig KZ454972.
0 good coverage windows found in contig KZ454969.
0 good coverage windows found in contig KZ454971.
0 good coverage windows found in contig KZ454975.
0 good coverage windows found in contig KZ454973.
0 good coverage windows found in contig KZ454954.
0 good coverage windows found in contig KZ454953.
0 good coverage windows found in contig KZ454974.
131085 good coverage windows found in contig KZ454947.
0 good coverage windows found in contig KZ454976.
0 good coverage windows found in contig KZ454977.
0 good coverage windows found in contig KZ454979.
0 good coverage windows found in contig KZ454978.
0 good coverage windows found in contig KZ454980.
6732 good coverage windows found in contig NC_001638.1.
0 good coverage windows found in contig KZ454952.
0 good coverage windows found in contig KZ454950.
68800 good coverage windows found in contig NC_005353.1.
0 good coverage windows found in contig KZ454946.
0 good coverage windows found in contig KZ454949.
0 good coverage windows found in contig KZ454945.
0 good coverage windows found in contig KZ454948.
0 good coverage windows found in contig GU814015.1.
0 good coverage windows found in contig 15.
0 good coverage windows found in contig 5.
0 good coverage windows found in contig 4.
0 good coverage windows found in contig 11.
0 good coverage windows found in contig 14.
0 good coverage windows found in contig 13.
0 good coverage windows found in contig 8.
0 good coverage windows found in contig 10.
0 good coverage windows found in contig 7.
0 good coverage windows found in contig 16.
0 good coverage windows found in contig 1.
0 good coverage windows found in contig 17.
0 good coverage windows found in contig 9.
0 good coverage windows found in contig 3.
0 good coverage windows found in contig 6.
0 good coverage windows found in contig 12.
0 good coverage windows found in contig 2.
0 merged windows found in contig 1.
0 merged windows found in contig 2.
0 merged windows found in contig 3.
0 merged windows found in contig 4.
0 merged windows found in contig 5.
0 merged windows found in contig 6.
0 merged windows found in contig 7.
0 merged windows found in contig 8.
0 merged windows found in contig 9.
0 merged windows found in contig 10.
0 merged windows found in contig 11.
0 merged windows found in contig 12.
0 merged windows found in contig 13.
0 merged windows found in contig 14.
0 merged windows found in contig 15.
0 merged windows found in contig 16.
0 merged windows found in contig 17.
0 merged windows found in contig KZ454945.
0 merged windows found in contig KZ454946.
4 merged windows found in contig KZ454947.
0 merged windows found in contig KZ454948.
0 merged windows found in contig KZ454949.
0 merged windows found in contig KZ454950.
0 merged windows found in contig KZ454951.
0 merged windows found in contig KZ454952.
0 merged windows found in contig KZ454953.
0 merged windows found in contig KZ454954.
0 merged windows found in contig KZ454955.
0 merged windows found in contig KZ454956.
0 merged windows found in contig KZ454957.
0 merged windows found in contig KZ454958.
0 merged windows found in contig KZ454959.
0 merged windows found in contig KZ454960.
0 merged windows found in contig KZ454961.
0 merged windows found in contig KZ454962.
0 merged windows found in contig KZ454963.
0 merged windows found in contig KZ454964.
0 merged windows found in contig KZ454965.
0 merged windows found in contig KZ454966.
11 merged windows found in contig KZ454967.
0 merged windows found in contig KZ454968.
0 merged windows found in contig KZ454969.
0 merged windows found in contig KZ454970.
0 merged windows found in contig KZ454971.
6 merged windows found in contig KZ454972.
0 merged windows found in contig KZ454973.
0 merged windows found in contig KZ454974.
0 merged windows found in contig KZ454975.
0 merged windows found in contig KZ454976.
0 merged windows found in contig KZ454977.
0 merged windows found in contig KZ454978.
0 merged windows found in contig KZ454979.
0 merged windows found in contig KZ454980.
78 merged windows found in contig NC_001638.1.
809 merged windows found in contig NC_005353.1.
0 merged windows found in contig GU814015.1.
